<?xml version="1.0" encoding="UTF-8"?>
<!-- Generated by org.testng.reporters.JUnitReportReporter -->
<testsuite hostname="LAPTOP-3ILDFAAB" failures="0" tests="3" name="com.crm.qa.testcases.HomePageTest" time="34.688" errors="0" timestamp="12 Dec 2018 10:08:37 GMT" skipped="0">
  <testcase classname="com.crm.qa.testcases.HomePageTest" name="verifyCorrectUsernameTest" time="11.707"/>
  <testcase classname="com.crm.qa.testcases.HomePageTest" name="verifyHomePageTitle" time="11.837"/>
  <testcase classname="com.crm.qa.testcases.HomePageTest" name="verifyContactlinkTest" time="11.144"/>
</testsuite> <!-- com.crm.qa.testcases.HomePageTest -->
