<?xml version="1.0" encoding="UTF-8"?>
<!-- Generated by org.testng.reporters.JUnitReportReporter -->
<testsuite hostname="LAPTOP-3ILDFAAB" failures="0" tests="6" name="com.crm.qa.testcases.ContactsPageTest" time="91.822" errors="0" timestamp="19 Mar 2019 05:26:07 GMT" skipped="0">
  <testcase classname="com.crm.qa.testcases.ContactsPageTest" name="verifyContactsLabelTest" time="13.422"/>
  <testcase classname="com.crm.qa.testcases.ContactsPageTest" name="verifyContactNamelistTest" time="12.469"/>
  <testcase classname="com.crm.qa.testcases.ContactsPageTest" name="createNewContactTest" time="15.373"/>
  <testcase classname="com.crm.qa.testcases.ContactsPageTest" name="createNewContactTest" time="15.479"/>
  <testcase classname="com.crm.qa.testcases.ContactsPageTest" name="createNewContactTest" time="18.970"/>
  <testcase classname="com.crm.qa.testcases.ContactsPageTest" name="createNewContactTest" time="16.109"/>
</testsuite> <!-- com.crm.qa.testcases.ContactsPageTest -->
